<?xml version="1.0" encoding="UTF-8"?>
<!-- Generated by org.testng.reporters.JUnitReportReporter -->
<testsuite hostname="TYSS-Sumanth-Chinivar" failures="0" tests="3" name="LearningDataProvider3" time="25.921" errors="0" timestamp="2024-03-05T17:44:08 IST" skipped="0">
  <testcase classname="LearningDataProvider3" name="register" time="7.536"/>
  <testcase classname="LearningDataProvider3" name="register" time="9.185"/>
  <testcase classname="LearningDataProvider3" name="register" time="9.200"/>
</testsuite> <!-- LearningDataProvider3 -->
