<?xml version="1.0" encoding="UTF-8"?>
<!-- Generated by org.testng.reporters.JUnitReportReporter -->
<testsuite hostname="TYSS-Sumanth-Chinivar" failures="0" tests="1" name="writingTestCases.LoginAndLogoutUsingPOM" time="6.594" errors="0" timestamp="2024-03-08T18:03:14 IST" skipped="0">
  <testcase classname="writingTestCases.LoginAndLogoutUsingPOM" name="loginAndLogout" time="6.594"/>
</testsuite> <!-- writingTestCases.LoginAndLogoutUsingPOM -->
