<?xml version="1.0" encoding="UTF-8"?>
<!-- Generated by org.testng.reporters.JUnitReportReporter -->
<testsuite hostname="TYSS-Sumanth-Chinivar" failures="0" tests="1" name="learningConfiguarationAnnotations.Config1" time="0.010" errors="0" timestamp="2024-03-07T15:59:04 IST" skipped="0">
  <testcase classname="learningConfiguarationAnnotations.Config1" name="test" time="0.010"/>
</testsuite> <!-- learningConfiguarationAnnotations.Config1 -->
