<?xml version="1.0" encoding="UTF-8"?>
<!-- Generated by org.testng.reporters.JUnitReportReporter -->
<testsuite hostname="TYSS-Sumanth-Chinivar" failures="0" tests="1" name="unitTestingTool.LearningEnabled" time="0.007" errors="0" timestamp="2024-03-01T17:53:11 IST" skipped="0">
  <testcase classname="unitTestingTool.LearningEnabled" name="launchBrowser" time="0.007"/>
</testsuite> <!-- unitTestingTool.LearningEnabled -->
