<?xml version="1.0" encoding="UTF-8"?>
<!-- Generated by org.testng.reporters.JUnitReportReporter -->
<testsuite hostname="TYSS-Sumanth-Chinivar" failures="0" tests="1" name="TestNgWithBuildPath" time="0.013" errors="0" timestamp="2024-03-01T16:31:40 IST" skipped="0">
  <testcase classname="TestNgWithBuildPath" name="demo" time="0.013"/>
</testsuite> <!-- TestNgWithBuildPath -->
