<?xml version="1.0" encoding="UTF-8"?>
<!-- Generated by org.testng.reporters.JUnitReportReporter -->
<testsuite hostname="TYSS-Sumanth-Chinivar" failures="0" tests="6" name="unitTestingTool.LearningThreadPoolSize" time="26.946" errors="0" timestamp="2024-03-01T17:57:45 IST" skipped="0">
  <testcase classname="unitTestingTool.LearningThreadPoolSize" name="launchBrowser" time="4.654"/>
  <testcase classname="unitTestingTool.LearningThreadPoolSize" name="launchBrowser" time="4.728"/>
  <testcase classname="unitTestingTool.LearningThreadPoolSize" name="launchBrowser" time="4.254"/>
  <testcase classname="unitTestingTool.LearningThreadPoolSize" name="launchBrowser" time="4.746"/>
  <testcase classname="unitTestingTool.LearningThreadPoolSize" name="launchBrowser" time="4.175"/>
  <testcase classname="unitTestingTool.LearningThreadPoolSize" name="launchBrowser" time="4.389"/>
</testsuite> <!-- unitTestingTool.LearningThreadPoolSize -->
