<?xml version="1.0" encoding="UTF-8"?>
<!-- Generated by org.testng.reporters.JUnitReportReporter -->
<testsuite hostname="TYSS-Sumanth-Chinivar" failures="0" tests="4" name="learningConfiguarationAnnotations.Config2" time="0.037" errors="0" timestamp="2024-03-07T16:07:02 IST" skipped="0">
  <testcase classname="learningConfiguarationAnnotations.Config2" name="test2" time="0.008"/>
  <testcase classname="learningConfiguarationAnnotations.Config2" name="test1" time="0.013"/>
  <testcase classname="learningConfiguarationAnnotations.Config2" name="test1" time="0.011"/>
  <testcase classname="learningConfiguarationAnnotations.Config2" name="test2" time="0.005"/>
</testsuite> <!-- learningConfiguarationAnnotations.Config2 -->
