<?xml version="1.0" encoding="UTF-8"?>
<!-- Generated by org.testng.reporters.JUnitReportReporter -->
<testsuite hostname="TYSS-Sumanth-Chinivar" failures="0" tests="3" name="unitTestingTool.LearningTestAnnotations" time="0.009" errors="0" timestamp="2024-03-01T17:01:22 IST" skipped="0">
  <testcase classname="unitTestingTool.LearningTestAnnotations" name="demo" time="0.002"/>
  <testcase classname="unitTestingTool.LearningTestAnnotations" name="add" time="0.006"/>
  <testcase classname="unitTestingTool.LearningTestAnnotations" name="example" time="0.001"/>
</testsuite> <!-- unitTestingTool.LearningTestAnnotations -->
