<?xml version="1.0" encoding="UTF-8"?>
<!-- Generated by org.testng.reporters.JUnitReportReporter -->
<testsuite hostname="TYSS-Sumanth-Chinivar" failures="0" tests="1" name="learningParameterization.LearningAtParameter2" time="0.007" errors="0" timestamp="2024-03-06T16:05:52 IST" skipped="0">
  <testcase classname="learningParameterization.LearningAtParameter2" name="multiply" time="0.007"/>
</testsuite> <!-- learningParameterization.LearningAtParameter2 -->
