<?xml version="1.0" encoding="UTF-8"?>
<!-- Generated by org.testng.reporters.JUnitReportReporter -->
<testsuite hostname="TYSS-Sumanth-Chinivar" failures="0" tests="1" name="learningDependsOnMethod.LogoutScript" time="0.798" errors="0" timestamp="2024-03-04T17:02:50 IST" skipped="0">
  <testcase classname="learningDependsOnMethod.LogoutScript" name="logout" time="0.798"/>
</testsuite> <!-- learningDependsOnMethod.LogoutScript -->
