<?xml version="1.0" encoding="UTF-8"?>
<!-- Generated by org.testng.reporters.JUnitReportReporter -->
<testsuite hostname="TYSS-Sumanth-Chinivar" failures="0" tests="1" name="unitTestingTool.LearningInvocationCount" time="2.904" errors="0" timestamp="2024-03-02T17:01:28 IST" skipped="0">
  <testcase classname="unitTestingTool.LearningInvocationCount" name="launchBrowser" time="2.904"/>
</testsuite> <!-- unitTestingTool.LearningInvocationCount -->
