<?xml version="1.0" encoding="UTF-8"?>
<!-- Generated by org.testng.reporters.JUnitReportReporter -->
<testsuite hostname="TYSS-Sumanth-Chinivar" failures="0" tests="2" name="dataProvider.LearningDataProvider1" time="0.031" errors="0" timestamp="2024-03-05T16:28:11 IST" skipped="0">
  <testcase classname="dataProvider.LearningDataProvider1" name="printValues2" time="0.019"/>
  <testcase classname="dataProvider.LearningDataProvider1" name="printValues2" time="0.012"/>
</testsuite> <!-- dataProvider.LearningDataProvider1 -->
