<?xml version="1.0" encoding="UTF-8"?>
<!-- Generated by org.testng.reporters.JUnitReportReporter -->
<testsuite hostname="TYSS-Sumanth-Chinivar" failures="0" tests="4" name="unitTestingTool.LearningPriorityInTestNg" time="0.011" errors="0" timestamp="2024-03-01T17:08:34 IST" skipped="0">
  <testcase classname="unitTestingTool.LearningPriorityInTestNg" name="setProperty" time="0.006"/>
  <testcase classname="unitTestingTool.LearningPriorityInTestNg" name="launchBrowser" time="0.003"/>
  <testcase classname="unitTestingTool.LearningPriorityInTestNg" name="launchURL" time="0.001"/>
  <testcase classname="unitTestingTool.LearningPriorityInTestNg" name="browserQuit" time="0.001"/>
</testsuite> <!-- unitTestingTool.LearningPriorityInTestNg -->
