<?xml version="1.0" encoding="UTF-8"?>
<!-- Generated by org.testng.reporters.JUnitReportReporter -->
<testsuite hostname="TYSS-Sumanth-Chinivar" failures="0" tests="1" name="learningConfiguarationAnnotations.Sample" time="2.736" errors="0" timestamp="2024-03-07T16:45:22 IST" skipped="0">
  <testcase classname="learningConfiguarationAnnotations.Sample" name="sample" time="2.736"/>
  <system-out>
    <![CDATA[Browser is launched]]>
  </system-out>
</testsuite> <!-- learningConfiguarationAnnotations.Sample -->
