<?xml version="1.0" encoding="UTF-8"?>
<!-- Generated by org.testng.reporters.JUnitReportReporter -->
<testsuite hostname="TYSS-Sumanth-Chinivar" failures="0" tests="4" name="unitTestingTool.LearningTestAnnotations2" time="0.013" errors="0" timestamp="2024-03-01T17:06:01 IST" skipped="0">
  <testcase classname="unitTestingTool.LearningTestAnnotations2" name="launchBrowser" time="0.001"/>
  <testcase classname="unitTestingTool.LearningTestAnnotations2" name="setProperty" time="0.003"/>
  <testcase classname="unitTestingTool.LearningTestAnnotations2" name="browserQuit" time="0.008"/>
  <testcase classname="unitTestingTool.LearningTestAnnotations2" name="launchURL" time="0.001"/>
</testsuite> <!-- unitTestingTool.LearningTestAnnotations2 -->
