<?xml version="1.0" encoding="UTF-8"?>
<!-- Generated by org.testng.reporters.JUnitReportReporter -->
<testsuite hostname="TYSS-Sumanth-Chinivar" failures="0" tests="1" name="learningParameterization.LearningAtParameter3" time="3.694" errors="0" timestamp="2024-03-06T17:21:38 IST" skipped="0">
  <testcase classname="learningParameterization.LearningAtParameter3" name="launchDWS" time="3.694"/>
</testsuite> <!-- learningParameterization.LearningAtParameter3 -->
