<?xml version="1.0" encoding="UTF-8"?>
<!-- Generated by org.testng.reporters.JUnitReportReporter -->
<testsuite hostname="TYSS-Sumanth-Chinivar" failures="0" tests="1" name="learningDependsOnMethod.RoyalEnfield" time="66.019" errors="0" timestamp="2024-03-04T16:41:53 IST" skipped="0">
  <testcase classname="learningDependsOnMethod.RoyalEnfield" name="launchRoyalEnfield" time="66.019"/>
</testsuite> <!-- learningDependsOnMethod.RoyalEnfield -->
