<?xml version="1.0" encoding="UTF-8"?>
<!-- Generated by org.testng.reporters.JUnitReportReporter -->
<testsuite hostname="TYSS-Sumanth-Chinivar" failures="0" tests="1" name="learningParameterization.Sample" time="2.644" errors="0" timestamp="2024-03-07T16:43:58 IST" skipped="0">
  <testcase classname="learningParameterization.Sample" name="sample" time="2.644"/>
  <system-out>
    <![CDATA[Browser is launched]]>
  </system-out>
</testsuite> <!-- learningParameterization.Sample -->
