<?xml version="1.0" encoding="UTF-8"?>
<!-- Generated by org.testng.reporters.JUnitReportReporter -->
<testsuite hostname="TYSS-Sumanth-Chinivar" failures="0" tests="1" name="learningConfiguarationAnnotations.Config3" time="0.013" errors="0" timestamp="2024-03-07T16:29:56 IST" skipped="0">
  <testcase classname="learningConfiguarationAnnotations.Config3" name="test1" time="0.013"/>
</testsuite> <!-- learningConfiguarationAnnotations.Config3 -->
