<?xml version="1.0" encoding="UTF-8"?>
<!-- Generated by org.testng.reporters.JUnitReportReporter -->
<testsuite hostname="TYSS-Sumanth-Chinivar" failures="0" tests="1" name="learningDependsOnMethod.LoginScript" time="7.148" errors="0" timestamp="2024-03-04T17:02:50 IST" skipped="0">
  <testcase classname="learningDependsOnMethod.LoginScript" name="login" time="7.148"/>
</testsuite> <!-- learningDependsOnMethod.LoginScript -->
