<?xml version="1.0" encoding="UTF-8"?>
<!-- Generated by org.testng.reporters.JUnitReportReporter -->
<testsuite hostname="TYSS-Sumanth-Chinivar" failures="0" tests="1" name="learningParameterization.LearningHardAssertion" time="4.561" errors="0" timestamp="2024-03-06T17:33:56 IST" skipped="0">
  <testcase classname="learningParameterization.LearningHardAssertion" name="demo" time="4.561"/>
</testsuite> <!-- learningParameterization.LearningHardAssertion -->
