<?xml version="1.0" encoding="UTF-8"?>
<!-- Generated by org.testng.reporters.JUnitReportReporter -->
<testsuite hostname="TYSS-Sumanth-Chinivar" failures="0" tests="1" name="cars.LaunchCars" time="4.922" errors="0" timestamp="2024-03-05T16:10:28 IST" skipped="0">
  <testcase classname="cars.LaunchCars" name="launchTesla" time="4.922"/>
</testsuite> <!-- cars.LaunchCars -->
