<?xml version="1.0" encoding="UTF-8"?>
<!-- Generated by org.testng.reporters.JUnitReportReporter -->
<testsuite hostname="TYSS-Sumanth-Chinivar" failures="0" tests="2" name="bikes.LaunchBike" time="10.101" errors="0" timestamp="2024-03-05T16:10:28 IST" skipped="0">
  <testcase classname="bikes.LaunchBike" name="launchYamaha" time="3.775"/>
  <testcase classname="bikes.LaunchBike" name="launchRE" time="6.326"/>
</testsuite> <!-- bikes.LaunchBike -->
