<?xml version="1.0" encoding="UTF-8"?>
<!-- Generated by org.testng.reporters.JUnitReportReporter -->
<testsuite hostname="TYSS-Sumanth-Chinivar" failures="0" tests="2" name="dataProvider.LearningDataProvider2" time="23.741" errors="0" timestamp="2024-03-05T16:40:42 IST" skipped="0">
  <testcase classname="dataProvider.LearningDataProvider2" name="login" time="13.492"/>
  <testcase classname="dataProvider.LearningDataProvider2" name="login" time="10.249"/>
</testsuite> <!-- dataProvider.LearningDataProvider2 -->
