<?xml version="1.0" encoding="UTF-8"?>
<!-- Generated by org.testng.reporters.JUnitReportReporter -->
<testsuite hostname="TYSS-Sumanth-Chinivar" failures="0" tests="5" name="unitTestingTool.LearningPriorityWithTestNG1" time="0.014" errors="0" timestamp="2024-03-01T17:18:33 IST" skipped="0">
  <testcase classname="unitTestingTool.LearningPriorityWithTestNG1" name="pepsi" time="0.009"/>
  <testcase classname="unitTestingTool.LearningPriorityWithTestNG1" name="ironMan" time="0.001"/>
  <testcase classname="unitTestingTool.LearningPriorityWithTestNG1" name="drakula" time="0.002"/>
  <testcase classname="unitTestingTool.LearningPriorityWithTestNG1" name="blackWidow" time="0.001"/>
  <testcase classname="unitTestingTool.LearningPriorityWithTestNG1" name="batman" time="0.001"/>
</testsuite> <!-- unitTestingTool.LearningPriorityWithTestNG1 -->
