<?xml version="1.0" encoding="UTF-8"?>
<!-- Generated by org.testng.reporters.JUnitReportReporter -->
<testsuite hostname="TYSS-Sumanth-Chinivar" failures="0" tests="1" name="learningDependsOnMethod.Yamaha" time="15.910" errors="0" timestamp="2024-03-04T16:41:53 IST" skipped="0">
  <testcase classname="learningDependsOnMethod.Yamaha" name="launchYamaha" time="15.910"/>
</testsuite> <!-- learningDependsOnMethod.Yamaha -->
